<?xml version="1.0" encoding="UTF-8"?>
<testsuite name="com.mindex.challenge.DataBootstrapTest" tests="1" skipped="0" failures="0" errors="0" timestamp="2023-05-02T15:49:56" hostname="BORT" time="0.031">
  <properties/>
  <testcase name="test" classname="com.mindex.challenge.DataBootstrapTest" time="0.031"/>
  <system-out><![CDATA[2023-05-02 11:49:56.271  INFO 1876 --- [    Test worker] .b.t.c.SpringBootTestContextBootstrapper : Neither @ContextConfiguration nor @ContextHierarchy found for test class [com.mindex.challenge.DataBootstrapTest], using SpringBootContextLoader
2023-05-02 11:49:56.272  INFO 1876 --- [    Test worker] o.s.t.c.support.AbstractContextLoader    : Could not detect default resource locations for test class [com.mindex.challenge.DataBootstrapTest]: no resource found for suffixes {-context.xml, Context.groovy}.
2023-05-02 11:49:56.272  INFO 1876 --- [    Test worker] t.c.s.AnnotationConfigContextLoaderUtils : Could not detect default configuration classes for test class [com.mindex.challenge.DataBootstrapTest]: DataBootstrapTest does not declare any static, non-private, non-final, nested classes annotated with @Configuration.
2023-05-02 11:49:56.272  INFO 1876 --- [    Test worker] .b.t.c.SpringBootTestContextBootstrapper : Found @SpringBootConfiguration com.mindex.challenge.ChallengeApplication for test class com.mindex.challenge.DataBootstrapTest
2023-05-02 11:49:56.273  INFO 1876 --- [    Test worker] .b.t.c.SpringBootTestContextBootstrapper : Loaded default TestExecutionListener class names from location [META-INF/spring.factories]: [org.springframework.boot.test.autoconfigure.restdocs.RestDocsTestExecutionListener, org.springframework.boot.test.autoconfigure.web.client.MockRestServiceServerResetTestExecutionListener, org.springframework.boot.test.autoconfigure.web.servlet.MockMvcPrintOnlyOnFailureTestExecutionListener, org.springframework.boot.test.autoconfigure.web.servlet.WebDriverTestExecutionListener, org.springframework.boot.test.mock.mockito.MockitoTestExecutionListener, org.springframework.boot.test.mock.mockito.ResetMocksTestExecutionListener, org.springframework.test.context.web.ServletTestExecutionListener, org.springframework.test.context.support.DirtiesContextBeforeModesTestExecutionListener, org.springframework.test.context.support.DependencyInjectionTestExecutionListener, org.springframework.test.context.support.DirtiesContextTestExecutionListener, org.springframework.test.context.transaction.TransactionalTestExecutionListener, org.springframework.test.context.jdbc.SqlScriptsTestExecutionListener, org.springframework.test.context.event.EventPublishingTestExecutionListener]
2023-05-02 11:49:56.274  INFO 1876 --- [    Test worker] .b.t.c.SpringBootTestContextBootstrapper : Using TestExecutionListeners: [org.springframework.test.context.web.ServletTestExecutionListener@4cb0078b, org.springframework.test.context.support.DirtiesContextBeforeModesTestExecutionListener@502cea81, org.springframework.boot.test.mock.mockito.MockitoTestExecutionListener@4719bed1, org.springframework.boot.test.autoconfigure.SpringBootDependencyInjectionTestExecutionListener@742384c8, org.springframework.test.context.support.DirtiesContextTestExecutionListener@38635998, org.springframework.test.context.transaction.TransactionalTestExecutionListener@f2cd4f7, org.springframework.test.context.jdbc.SqlScriptsTestExecutionListener@5491cf5, org.springframework.test.context.event.EventPublishingTestExecutionListener@6d24dd50, org.springframework.boot.test.autoconfigure.restdocs.RestDocsTestExecutionListener@4f29e6f5, org.springframework.boot.test.autoconfigure.web.client.MockRestServiceServerResetTestExecutionListener@264b188b, org.springframework.boot.test.autoconfigure.web.servlet.MockMvcPrintOnlyOnFailureTestExecutionListener@6ba80603, org.springframework.boot.test.autoconfigure.web.servlet.WebDriverTestExecutionListener@202d987b, org.springframework.boot.test.mock.mockito.ResetMocksTestExecutionListener@20b3ccc5]
]]></system-out>
  <system-err><![CDATA[]]></system-err>
</testsuite>
