<?xml version="1.0" encoding="UTF-8"?>
<testsuite name="com.mindex.challenge.service.impl.CompensationServiceImplTest" tests="1" skipped="0" failures="0" errors="0" timestamp="2023-05-02T15:49:56" hostname="BORT" time="0.137">
  <properties/>
  <testcase name="testCreateRead" classname="com.mindex.challenge.service.impl.CompensationServiceImplTest" time="0.137"/>
  <system-out><![CDATA[2023-05-02 11:49:56.308  INFO 1876 --- [    Test worker] .b.t.c.SpringBootTestContextBootstrapper : Neither @ContextConfiguration nor @ContextHierarchy found for test class [com.mindex.challenge.service.impl.CompensationServiceImplTest], using SpringBootContextLoader
2023-05-02 11:49:56.308  INFO 1876 --- [    Test worker] o.s.t.c.support.AbstractContextLoader    : Could not detect default resource locations for test class [com.mindex.challenge.service.impl.CompensationServiceImplTest]: no resource found for suffixes {-context.xml, Context.groovy}.
2023-05-02 11:49:56.309  INFO 1876 --- [    Test worker] t.c.s.AnnotationConfigContextLoaderUtils : Could not detect default configuration classes for test class [com.mindex.challenge.service.impl.CompensationServiceImplTest]: CompensationServiceImplTest does not declare any static, non-private, non-final, nested classes annotated with @Configuration.
2023-05-02 11:49:56.314  INFO 1876 --- [    Test worker] .b.t.c.SpringBootTestContextBootstrapper : Found @SpringBootConfiguration com.mindex.challenge.ChallengeApplication for test class com.mindex.challenge.service.impl.CompensationServiceImplTest
2023-05-02 11:49:56.315  INFO 1876 --- [    Test worker] .b.t.c.SpringBootTestContextBootstrapper : Loaded default TestExecutionListener class names from location [META-INF/spring.factories]: [org.springframework.boot.test.autoconfigure.restdocs.RestDocsTestExecutionListener, org.springframework.boot.test.autoconfigure.web.client.MockRestServiceServerResetTestExecutionListener, org.springframework.boot.test.autoconfigure.web.servlet.MockMvcPrintOnlyOnFailureTestExecutionListener, org.springframework.boot.test.autoconfigure.web.servlet.WebDriverTestExecutionListener, org.springframework.boot.test.mock.mockito.MockitoTestExecutionListener, org.springframework.boot.test.mock.mockito.ResetMocksTestExecutionListener, org.springframework.test.context.web.ServletTestExecutionListener, org.springframework.test.context.support.DirtiesContextBeforeModesTestExecutionListener, org.springframework.test.context.support.DependencyInjectionTestExecutionListener, org.springframework.test.context.support.DirtiesContextTestExecutionListener, org.springframework.test.context.transaction.TransactionalTestExecutionListener, org.springframework.test.context.jdbc.SqlScriptsTestExecutionListener, org.springframework.test.context.event.EventPublishingTestExecutionListener]
2023-05-02 11:49:56.315  INFO 1876 --- [    Test worker] .b.t.c.SpringBootTestContextBootstrapper : Using TestExecutionListeners: [org.springframework.test.context.web.ServletTestExecutionListener@482abd20, org.springframework.test.context.support.DirtiesContextBeforeModesTestExecutionListener@3a88c21a, org.springframework.boot.test.mock.mockito.MockitoTestExecutionListener@866918d, org.springframework.boot.test.autoconfigure.SpringBootDependencyInjectionTestExecutionListener@4eedb23f, org.springframework.test.context.support.DirtiesContextTestExecutionListener@53b3c57f, org.springframework.test.context.transaction.TransactionalTestExecutionListener@2fd75501, org.springframework.test.context.jdbc.SqlScriptsTestExecutionListener@1301438f, org.springframework.test.context.event.EventPublishingTestExecutionListener@305e779a, org.springframework.boot.test.autoconfigure.restdocs.RestDocsTestExecutionListener@7d8bd4d3, org.springframework.boot.test.autoconfigure.web.client.MockRestServiceServerResetTestExecutionListener@6861f93e, org.springframework.boot.test.autoconfigure.web.servlet.MockMvcPrintOnlyOnFailureTestExecutionListener@7165c286, org.springframework.boot.test.autoconfigure.web.servlet.WebDriverTestExecutionListener@32449997, org.springframework.boot.test.mock.mockito.ResetMocksTestExecutionListener@114afe40]

  .   ____          _            __ _ _
 /\\ / ___'_ __ _ _(_)_ __  __ _ \ \ \ \
( ( )\___ | '_ | '_| | '_ \/ _` | \ \ \ \
 \\/  ___)| |_)| | | | | || (_| |  ) ) ) )
  '  |____| .__|_| |_|_| |_\__, | / / / /
 =========|_|==============|___/=/_/_/_/
 :: Spring Boot ::        (v2.2.0.RELEASE)

2023-05-02 11:49:56.332  INFO 1876 --- [    Test worker] c.m.c.s.i.CompensationServiceImplTest    : Starting CompensationServiceImplTest on bort with PID 1876 (started by bort in C:\Users\bort\Downloads\mindex-java-code-challenge)
2023-05-02 11:49:56.332 DEBUG 1876 --- [    Test worker] c.m.c.s.i.CompensationServiceImplTest    : Running with Spring Boot v2.2.0.RELEASE, Spring v5.2.0.RELEASE
2023-05-02 11:49:56.332  INFO 1876 --- [    Test worker] c.m.c.s.i.CompensationServiceImplTest    : No active profile set, falling back to default profiles: default
2023-05-02 11:49:56.403  INFO 1876 --- [    Test worker] .s.d.r.c.RepositoryConfigurationDelegate : Bootstrapping Spring Data repositories in DEFAULT mode.
2023-05-02 11:49:56.407  INFO 1876 --- [    Test worker] .s.d.r.c.RepositoryConfigurationDelegate : Finished Spring Data repository scanning in 4ms. Found 2 repository interfaces.
2023-05-02 11:49:56.543  INFO 1876 --- [    Test worker] o.s.b.w.embedded.tomcat.TomcatWebServer  : Tomcat initialized with port(s): 0 (http)
2023-05-02 11:49:56.550  INFO 1876 --- [    Test worker] o.apache.catalina.core.StandardService   : Starting service [Tomcat]
2023-05-02 11:49:56.550  INFO 1876 --- [    Test worker] org.apache.catalina.core.StandardEngine  : Starting Servlet engine: [Apache Tomcat/9.0.27]
2023-05-02 11:49:56.614  INFO 1876 --- [    Test worker] o.a.c.c.C.[Tomcat].[localhost].[/]       : Initializing Spring embedded WebApplicationContext
2023-05-02 11:49:56.614  INFO 1876 --- [    Test worker] o.s.web.context.ContextLoader            : Root WebApplicationContext: initialization completed in 280 ms
2023-05-02 11:49:56.706  INFO 1876 --- [    Test worker] de.bwaldvogel.mongo.MongoServer          : started MongoServer(port: 57247, ssl: false)
2023-05-02 11:49:56.707  INFO 1876 --- [    Test worker] org.mongodb.driver.cluster               : Cluster created with settings {hosts=[127.0.0.1:57247], mode=SINGLE, requiredClusterType=UNKNOWN, serverSelectionTimeout='30000 ms', maxWaitQueueSize=500}
2023-05-02 11:49:56.709  INFO 1876 --- [-server-worker1] d.b.mongo.wire.MongoWireProtocolHandler  : client [id: 0x234b3388, L:/127.0.0.1:57247 - R:/127.0.0.1:57248] connected
2023-05-02 11:49:56.713  WARN 1876 --- [    Test worker] o.s.data.convert.CustomConversions       : Registering converter from class java.time.LocalDateTime to class java.time.Instant as reading converter although it doesn't convert from a store-supported type! You might wanna check you annotation setup at the converter implementation.
2023-05-02 11:49:56.713  WARN 1876 --- [    Test worker] o.s.data.convert.CustomConversions       : Registering converter from class java.time.Instant to class java.time.LocalDateTime as reading converter although it doesn't convert from a store-supported type! You might wanna check you annotation setup at the converter implementation.
2023-05-02 11:49:56.714  WARN 1876 --- [    Test worker] o.s.data.convert.CustomConversions       : Registering converter from class java.time.LocalDateTime to class java.time.Instant as reading converter although it doesn't convert from a store-supported type! You might wanna check you annotation setup at the converter implementation.
2023-05-02 11:49:56.714  WARN 1876 --- [    Test worker] o.s.data.convert.CustomConversions       : Registering converter from class java.time.Instant to class java.time.LocalDateTime as reading converter although it doesn't convert from a store-supported type! You might wanna check you annotation setup at the converter implementation.
2023-05-02 11:49:56.715  INFO 1876 --- [127.0.0.1:57247] org.mongodb.driver.connection            : Opened connection [connectionId{localValue:3}] to 127.0.0.1:57247
2023-05-02 11:49:56.716  INFO 1876 --- [127.0.0.1:57247] org.mongodb.driver.cluster               : Monitor thread successfully connected to server with description ServerDescription{address=127.0.0.1:57247, type=STANDALONE, state=CONNECTED, ok=true, version=ServerVersion{versionList=[3, 0, 0]}, minWireVersion=0, maxWireVersion=2, maxDocumentSize=16777216, logicalSessionTimeoutMinutes=null, roundTripTimeNanos=486000}
2023-05-02 11:49:56.745  INFO 1876 --- [-server-worker2] d.b.mongo.wire.MongoWireProtocolHandler  : client [id: 0x9254426b, L:/127.0.0.1:57247 - R:/127.0.0.1:57249] connected
2023-05-02 11:49:56.749  INFO 1876 --- [    Test worker] org.mongodb.driver.connection            : Opened connection [connectionId{localValue:4}] to 127.0.0.1:57247
2023-05-02 11:49:56.750  INFO 1876 --- [-server-worker2] d.b.mongo.backend.AbstractMongoBackend   : created database test
2023-05-02 11:49:56.750  INFO 1876 --- [-server-worker2] d.b.mongo.backend.AbstractMongoDatabase  : adding unique _id index for collection employee
2023-05-02 11:49:56.750  INFO 1876 --- [-server-worker2] d.b.mongo.backend.AbstractMongoDatabase  : created collection test.employee
2023-05-02 11:49:56.822  INFO 1876 --- [    Test worker] o.s.s.concurrent.ThreadPoolTaskExecutor  : Initializing ExecutorService 'applicationTaskExecutor'
2023-05-02 11:49:56.886  WARN 1876 --- [    Test worker] o.s.data.convert.CustomConversions       : Registering converter from class java.time.LocalDateTime to class java.time.Instant as reading converter although it doesn't convert from a store-supported type! You might wanna check you annotation setup at the converter implementation.
2023-05-02 11:49:56.886  WARN 1876 --- [    Test worker] o.s.data.convert.CustomConversions       : Registering converter from class java.time.Instant to class java.time.LocalDateTime as reading converter although it doesn't convert from a store-supported type! You might wanna check you annotation setup at the converter implementation.
2023-05-02 11:49:56.895  WARN 1876 --- [    Test worker] o.s.data.convert.CustomConversions       : Registering converter from class java.time.LocalDateTime to class java.time.Instant as reading converter although it doesn't convert from a store-supported type! You might wanna check you annotation setup at the converter implementation.
2023-05-02 11:49:56.895  WARN 1876 --- [    Test worker] o.s.data.convert.CustomConversions       : Registering converter from class java.time.Instant to class java.time.LocalDateTime as reading converter although it doesn't convert from a store-supported type! You might wanna check you annotation setup at the converter implementation.
2023-05-02 11:49:56.935  INFO 1876 --- [    Test worker] o.s.b.w.embedded.tomcat.TomcatWebServer  : Tomcat started on port(s): 57250 (http) with context path ''
2023-05-02 11:49:56.936  INFO 1876 --- [    Test worker] c.m.c.s.i.CompensationServiceImplTest    : Started CompensationServiceImplTest in 0.62 seconds (JVM running for 3.246)
2023-05-02 11:49:57.012  INFO 1876 --- [o-auto-1-exec-1] o.a.c.c.C.[Tomcat].[localhost].[/]       : Initializing Spring DispatcherServlet 'dispatcherServlet'
2023-05-02 11:49:57.013  INFO 1876 --- [o-auto-1-exec-1] o.s.web.servlet.DispatcherServlet        : Initializing Servlet 'dispatcherServlet'
2023-05-02 11:49:57.027  INFO 1876 --- [o-auto-1-exec-1] o.s.web.servlet.DispatcherServlet        : Completed initialization in 14 ms
2023-05-02 11:49:57.049 DEBUG 1876 --- [o-auto-1-exec-1] c.m.c.controller.CompensationController  : Received compensation create request for [com.mindex.challenge.dao.data.Compensation@4c022ee9]
2023-05-02 11:49:57.050 DEBUG 1876 --- [o-auto-1-exec-1] c.m.c.s.impl.CompensationServiceImpl     : Creating compensation [com.mindex.challenge.dao.data.Compensation@4c022ee9]
2023-05-02 11:49:57.055  INFO 1876 --- [-server-worker2] d.b.mongo.backend.AbstractMongoDatabase  : adding unique _id index for collection compensation
2023-05-02 11:49:57.055  INFO 1876 --- [-server-worker2] d.b.mongo.backend.AbstractMongoDatabase  : created collection test.compensation
2023-05-02 11:49:57.066 DEBUG 1876 --- [o-auto-1-exec-2] c.m.c.controller.CompensationController  : Received compensation get request for id [12345]
2023-05-02 11:49:57.066 DEBUG 1876 --- [o-auto-1-exec-2] c.m.c.s.impl.CompensationServiceImpl     : Reading compensation record for employee with id [12345]
]]></system-out>
  <system-err><![CDATA[]]></system-err>
</testsuite>
