<?xml version="1.0" encoding="UTF-8"?>
<testsuite name="com.mindex.challenge.service.impl.EmployeeServiceImplTest" tests="2" skipped="0" failures="0" errors="0" timestamp="2023-05-02T15:49:57" hostname="BORT" time="0.042">
  <properties/>
  <testcase name="testGenerateReportingStructure" classname="com.mindex.challenge.service.impl.EmployeeServiceImplTest" time="0.021"/>
  <testcase name="testCreateReadUpdate" classname="com.mindex.challenge.service.impl.EmployeeServiceImplTest" time="0.02"/>
  <system-out><![CDATA[2023-05-02 11:49:57.077  INFO 1876 --- [    Test worker] .b.t.c.SpringBootTestContextBootstrapper : Neither @ContextConfiguration nor @ContextHierarchy found for test class [com.mindex.challenge.service.impl.EmployeeServiceImplTest], using SpringBootContextLoader
2023-05-02 11:49:57.077  INFO 1876 --- [    Test worker] o.s.t.c.support.AbstractContextLoader    : Could not detect default resource locations for test class [com.mindex.challenge.service.impl.EmployeeServiceImplTest]: no resource found for suffixes {-context.xml, Context.groovy}.
2023-05-02 11:49:57.077  INFO 1876 --- [    Test worker] t.c.s.AnnotationConfigContextLoaderUtils : Could not detect default configuration classes for test class [com.mindex.challenge.service.impl.EmployeeServiceImplTest]: EmployeeServiceImplTest does not declare any static, non-private, non-final, nested classes annotated with @Configuration.
2023-05-02 11:49:57.078  INFO 1876 --- [    Test worker] .b.t.c.SpringBootTestContextBootstrapper : Found @SpringBootConfiguration com.mindex.challenge.ChallengeApplication for test class com.mindex.challenge.service.impl.EmployeeServiceImplTest
2023-05-02 11:49:57.079  INFO 1876 --- [    Test worker] .b.t.c.SpringBootTestContextBootstrapper : Loaded default TestExecutionListener class names from location [META-INF/spring.factories]: [org.springframework.boot.test.autoconfigure.restdocs.RestDocsTestExecutionListener, org.springframework.boot.test.autoconfigure.web.client.MockRestServiceServerResetTestExecutionListener, org.springframework.boot.test.autoconfigure.web.servlet.MockMvcPrintOnlyOnFailureTestExecutionListener, org.springframework.boot.test.autoconfigure.web.servlet.WebDriverTestExecutionListener, org.springframework.boot.test.mock.mockito.MockitoTestExecutionListener, org.springframework.boot.test.mock.mockito.ResetMocksTestExecutionListener, org.springframework.test.context.web.ServletTestExecutionListener, org.springframework.test.context.support.DirtiesContextBeforeModesTestExecutionListener, org.springframework.test.context.support.DependencyInjectionTestExecutionListener, org.springframework.test.context.support.DirtiesContextTestExecutionListener, org.springframework.test.context.transaction.TransactionalTestExecutionListener, org.springframework.test.context.jdbc.SqlScriptsTestExecutionListener, org.springframework.test.context.event.EventPublishingTestExecutionListener]
2023-05-02 11:49:57.079  INFO 1876 --- [    Test worker] .b.t.c.SpringBootTestContextBootstrapper : Using TestExecutionListeners: [org.springframework.test.context.web.ServletTestExecutionListener@2487d55d, org.springframework.test.context.support.DirtiesContextBeforeModesTestExecutionListener@7035ed2a, org.springframework.boot.test.mock.mockito.MockitoTestExecutionListener@7605d0d8, org.springframework.boot.test.autoconfigure.SpringBootDependencyInjectionTestExecutionListener@20cf9e2a, org.springframework.test.context.support.DirtiesContextTestExecutionListener@3af89a53, org.springframework.test.context.transaction.TransactionalTestExecutionListener@657b6c9b, org.springframework.test.context.jdbc.SqlScriptsTestExecutionListener@3da0f3fc, org.springframework.test.context.event.EventPublishingTestExecutionListener@614204ac, org.springframework.boot.test.autoconfigure.restdocs.RestDocsTestExecutionListener@1f1630d5, org.springframework.boot.test.autoconfigure.web.client.MockRestServiceServerResetTestExecutionListener@21b78818, org.springframework.boot.test.autoconfigure.web.servlet.MockMvcPrintOnlyOnFailureTestExecutionListener@1bb2a0c1, org.springframework.boot.test.autoconfigure.web.servlet.WebDriverTestExecutionListener@6a24a07f, org.springframework.boot.test.mock.mockito.ResetMocksTestExecutionListener@449ab576]
2023-05-02 11:49:57.084 DEBUG 1876 --- [o-auto-1-exec-3] c.m.c.controller.EmployeeController      : Received employee create request for [com.mindex.challenge.dao.data.Employee@1f361578]
2023-05-02 11:49:57.084 DEBUG 1876 --- [o-auto-1-exec-3] c.m.c.service.impl.EmployeeServiceImpl   : Creating employee [com.mindex.challenge.dao.data.Employee@1f361578]
2023-05-02 11:49:57.091 DEBUG 1876 --- [o-auto-1-exec-4] c.m.c.controller.EmployeeController      : Received employee create request for [com.mindex.challenge.dao.data.Employee@30a2759e]
2023-05-02 11:49:57.092 DEBUG 1876 --- [o-auto-1-exec-4] c.m.c.service.impl.EmployeeServiceImpl   : Creating employee [com.mindex.challenge.dao.data.Employee@30a2759e]
2023-05-02 11:49:57.096 DEBUG 1876 --- [o-auto-1-exec-5] c.m.c.controller.EmployeeController      : Received employee reporting structure get request for id [c4a9fd6a-dbb0-445f-a501-0ca753e23bc3]
2023-05-02 11:49:57.096 DEBUG 1876 --- [o-auto-1-exec-5] c.m.c.service.impl.EmployeeServiceImpl   : Reading employee with id [c4a9fd6a-dbb0-445f-a501-0ca753e23bc3]
2023-05-02 11:49:57.099 DEBUG 1876 --- [o-auto-1-exec-5] c.m.c.service.impl.EmployeeServiceImpl   : Generating ReportingStructure for employee with id: c4a9fd6a-dbb0-445f-a501-0ca753e23bc3
2023-05-02 11:49:57.106 DEBUG 1876 --- [o-auto-1-exec-6] c.m.c.controller.EmployeeController      : Received employee create request for [com.mindex.challenge.dao.data.Employee@2817434f]
2023-05-02 11:49:57.106 DEBUG 1876 --- [o-auto-1-exec-6] c.m.c.service.impl.EmployeeServiceImpl   : Creating employee [com.mindex.challenge.dao.data.Employee@2817434f]
2023-05-02 11:49:57.110 DEBUG 1876 --- [o-auto-1-exec-7] c.m.c.controller.EmployeeController      : Received employee get request for id [4e4c42b1-3ac0-4ffb-bec1-aae0a3aec703]
2023-05-02 11:49:57.110 DEBUG 1876 --- [o-auto-1-exec-7] c.m.c.service.impl.EmployeeServiceImpl   : Reading employee with id [4e4c42b1-3ac0-4ffb-bec1-aae0a3aec703]
2023-05-02 11:49:57.115 DEBUG 1876 --- [o-auto-1-exec-8] c.m.c.controller.EmployeeController      : Received employee update request for id [4e4c42b1-3ac0-4ffb-bec1-aae0a3aec703] and employee [com.mindex.challenge.dao.data.Employee@12e496c3]
2023-05-02 11:49:57.115 DEBUG 1876 --- [o-auto-1-exec-8] c.m.c.service.impl.EmployeeServiceImpl   : Updating employee [com.mindex.challenge.dao.data.Employee@12e496c3]
]]></system-out>
  <system-err><![CDATA[]]></system-err>
</testsuite>
